000 (68283.000.000) 2022-03-29 08:44:46 Job submitted from host: <131.227.81.127:9618?addrs=131.227.81.127-9618&alias=aisurrey-condor.surrey.ac.uk&noUDP&sock=schedd_2654421_9965>
...
040 (68283.000.000) 2022-03-29 08:44:47 Finished transferring input files
...
001 (68283.000.000) 2022-03-29 08:44:48 Job executing on host: <131.227.80.134:9618?addrs=131.227.80.134-9618&alias=aisurrey19.surrey.ac.uk&noUDP&sock=startd_4112_1186>
...
006 (68283.000.000) 2022-03-29 08:44:57 Image size of job updated: 324012
	3  -  MemoryUsage of job (MB)
	2788  -  ResidentSetSize of job (KB)
...
006 (68283.000.000) 2022-03-29 08:49:59 Image size of job updated: 324012
	3  -  MemoryUsage of job (MB)
	2804  -  ResidentSetSize of job (KB)
...
006 (68283.000.000) 2022-03-29 08:55:00 Image size of job updated: 324012
	3  -  MemoryUsage of job (MB)
	2828  -  ResidentSetSize of job (KB)
...
006 (68283.000.000) 2022-03-29 09:03:14 Image size of job updated: 324012
	5465  -  MemoryUsage of job (MB)
	5597032  -  ResidentSetSize of job (KB)
...
040 (68283.000.000) 2022-03-29 09:03:14 Started transferring output files
...
040 (68283.000.000) 2022-03-29 09:03:14 Finished transferring output files
...
004 (68283.000.000) 2022-03-29 09:03:15 Job was evicted.
	(0) CPU times
		Usr 0 00:00:00, Sys 0 00:00:00  -  Run Remote Usage
		Usr 0 00:00:00, Sys 0 00:00:00  -  Run Local Usage
	0  -  Run Bytes Sent By Job
	0  -  Run Bytes Received By Job
	Partitionable Resources :    Usage  Request Allocated Assigned
	   Cpus                 :     0           1         1 
	   Disk (KB)            :    40         125    652975 
	   Gpus (Average)       :     0.16        1         1 "CUDA6"
	   GpusMemory (MB)      : 14507                       
	   Memory (MB)          :  5465        8192      8192 
...
009 (68283.000.000) 2022-03-29 09:03:15 Job was aborted.
...
