000 (68282.000.000) 2022-03-29 08:41:16 Job submitted from host: <131.227.81.127:9618?addrs=131.227.81.127-9618&alias=aisurrey-condor.surrey.ac.uk&noUDP&sock=schedd_2654421_9965>
...
040 (68282.000.000) 2022-03-29 08:41:17 Finished transferring input files
...
001 (68282.000.000) 2022-03-29 08:41:18 Job executing on host: <131.227.80.134:9618?addrs=131.227.80.134-9618&alias=aisurrey19.surrey.ac.uk&noUDP&sock=startd_4112_1186>
...
006 (68282.000.000) 2022-03-29 08:41:27 Image size of job updated: 324012
	3  -  MemoryUsage of job (MB)
	2776  -  ResidentSetSize of job (KB)
...
006 (68282.000.000) 2022-03-29 08:44:06 Image size of job updated: 324012
	4499  -  MemoryUsage of job (MB)
	4607204  -  ResidentSetSize of job (KB)
...
040 (68282.000.000) 2022-03-29 08:44:06 Started transferring output files
...
040 (68282.000.000) 2022-03-29 08:44:06 Finished transferring output files
...
004 (68282.000.000) 2022-03-29 08:44:06 Job was evicted.
	(0) CPU times
		Usr 0 00:00:00, Sys 0 00:00:00  -  Run Remote Usage
		Usr 0 00:00:00, Sys 0 00:00:00  -  Run Local Usage
	0  -  Run Bytes Sent By Job
	0  -  Run Bytes Received By Job
	Partitionable Resources :    Usage  Request Allocated Assigned
	   Cpus                 :     0.00        1         1 
	   Disk (KB)            :    36         125    652975 
	   Gpus (Average)       :     0.05        1         1 "CUDA6"
	   GpusMemory (MB)      :  4391                       
	   Memory (MB)          :  4499        8192      8192 
...
009 (68282.000.000) 2022-03-29 08:44:06 Job was aborted.
...
