000 (68253.000.000) 2022-03-28 22:05:24 Job submitted from host: <131.227.81.127:9618?addrs=131.227.81.127-9618&alias=aisurrey-condor.surrey.ac.uk&noUDP&sock=schedd_2654421_9965>
...
040 (68253.000.000) 2022-03-28 22:05:33 Finished transferring input files
...
001 (68253.000.000) 2022-03-28 22:05:34 Job executing on host: <131.227.80.190:9618?addrs=131.227.80.190-9618&alias=aisurrey10.surrey.ac.uk&noUDP&sock=startd_4443_1b5f>
...
006 (68253.000.000) 2022-03-28 22:05:43 Image size of job updated: 324008
	3  -  MemoryUsage of job (MB)
	2776  -  ResidentSetSize of job (KB)
...
040 (68253.000.000) 2022-03-28 22:06:47 Started transferring output files
...
040 (68253.000.000) 2022-03-28 22:06:47 Finished transferring output files
...
004 (68253.000.000) 2022-03-28 22:06:47 Job was evicted.
	(0) CPU times
		Usr 0 00:00:00, Sys 0 00:00:00  -  Run Remote Usage
		Usr 0 00:00:00, Sys 0 00:00:00  -  Run Local Usage
	0  -  Run Bytes Sent By Job
	0  -  Run Bytes Received By Job
	Partitionable Resources :    Usage  Request Allocated Assigned
	   Cpus                 :     0.00        1         1 
	   Disk (KB)            :    37         125    472216 
	   Gpus (Average)       :     0           1         1 "GPU-1afec2e8-d3aa-c772-f762-bcfbceee2109"
	   GpusMemory (MB)      :     4                       
	   Memory (MB)          :     3        8192      8192 
...
009 (68253.000.000) 2022-03-28 22:06:47 Job was aborted.
...
