000 (68767.000.000) 2022-04-02 01:31:26 Job submitted from host: <131.227.81.127:9618?addrs=131.227.81.127-9618&alias=aisurrey-condor.surrey.ac.uk&noUDP&sock=schedd_2654421_9965>
...
040 (68767.000.000) 2022-04-02 01:31:28 Finished transferring input files
...
001 (68767.000.000) 2022-04-02 01:31:29 Job executing on host: <131.227.80.158:9618?addrs=131.227.80.158-9618&alias=aisurrey13.surrey.ac.uk&noUDP&sock=startd_4142_a55d>
...
006 (68767.000.000) 2022-04-02 01:31:37 Image size of job updated: 323364
	3  -  MemoryUsage of job (MB)
	2200  -  ResidentSetSize of job (KB)
...
007 (68767.000.000) 2022-04-02 01:32:53 Shadow exception!
	Error from slot1@aisurrey13.surrey.ac.uk: Docker job has gone over memory limit of 8192 Mb
	0  -  Run Bytes Sent By Job
	0  -  Run Bytes Received By Job
...
012 (68767.000.000) 2022-04-02 01:32:53 Job was held.
	Error from slot1@aisurrey13.surrey.ac.uk: Docker job has gone over memory limit of 8192 Mb
	Code 34 Subcode 0
...
009 (68767.000.000) 2022-04-05 02:05:08 Job was aborted.
	via condor_rm (by user gb00538)
...
