000 (68994.000.000) 2022-04-05 03:08:51 Job submitted from host: <131.227.81.127:9618?addrs=131.227.81.127-9618&alias=aisurrey-condor.surrey.ac.uk&noUDP&sock=schedd_2654421_9965>
...
040 (68994.000.000) 2022-04-05 03:08:52 Started transferring input files
	Transferring to host: <131.227.80.186:9618?addrs=131.227.80.186-9618&alias=aisurrey08.surrey.ac.uk&noUDP&sock=slot1_32_4419_55cd_1505>
...
040 (68994.000.000) 2022-04-05 03:08:52 Finished transferring input files
...
001 (68994.000.000) 2022-04-05 03:08:53 Job executing on host: <131.227.80.186:9618?addrs=131.227.80.186-9618&alias=aisurrey08.surrey.ac.uk&noUDP&sock=startd_4126_abd9>
...
006 (68994.000.000) 2022-04-05 03:09:02 Image size of job updated: 125
	20  -  MemoryUsage of job (MB)
	20508  -  ResidentSetSize of job (KB)
...
006 (68994.000.000) 2022-04-05 03:14:04 Image size of job updated: 14002
	14002  -  MemoryUsage of job (MB)
	14338592  -  ResidentSetSize of job (KB)
...
004 (68994.000.000) 2022-04-05 03:20:08 Job was evicted.
	(0) CPU times
		Usr 0 00:55:32, Sys 0 00:19:00  -  Run Remote Usage
		Usr 0 00:00:00, Sys 0 00:00:00  -  Run Local Usage
	0  -  Run Bytes Sent By Job
	121432  -  Run Bytes Received By Job
	Partitionable Resources :    Usage  Request Allocated Assigned
	   Cpus                 :        0        4         4 
	   Disk (KB)            :      216      125    472624 
	   Gpus (Average)       :        0        4         4 "GPU-b10e5e98-d533-35c0-c507-da5471772c00,GPU-a4c2f5c5-c1af-6d7f-3709-14f6a7d78641,GPU-8259e7d9-f8a2-cb67-3606-e2fd1f4ad374,GPU-9f1a4d93-a8ab-1e71-1a1d-5f679ccdd67d"
	   GpusMemory (MB)      :     9957                    
	   Memory (MB)          :    14002    16384     16384 
...
009 (68994.000.000) 2022-04-05 03:20:08 Job was aborted.
	via condor_rm (by user gb00538)
...
