000 (68984.000.000) 2022-04-05 01:53:25 Job submitted from host: <131.227.81.127:9618?addrs=131.227.81.127-9618&alias=aisurrey-condor.surrey.ac.uk&noUDP&sock=schedd_2654421_9965>
...
040 (68984.000.000) 2022-04-05 01:53:26 Finished transferring input files
...
001 (68984.000.000) 2022-04-05 01:53:27 Job executing on host: <131.227.80.186:9618?addrs=131.227.80.186-9618&alias=aisurrey08.surrey.ac.uk&noUDP&sock=startd_4126_abd9>
...
006 (68984.000.000) 2022-04-05 02:02:28 Image size of job updated: 125
	0  -  MemoryUsage of job (MB)
	172  -  ResidentSetSize of job (KB)
...
040 (68984.000.000) 2022-04-05 02:02:28 Started transferring output files
...
040 (68984.000.000) 2022-04-05 02:02:28 Finished transferring output files
...
004 (68984.000.000) 2022-04-05 02:02:28 Job was evicted.
	(0) CPU times
		Usr 0 00:00:00, Sys 0 00:00:00  -  Run Remote Usage
		Usr 0 00:00:00, Sys 0 00:00:00  -  Run Local Usage
	3305  -  Run Bytes Sent By Job
	0  -  Run Bytes Received By Job
	Partitionable Resources :    Usage  Request Allocated Assigned
	   Cpus                 :     0.00        1         1 
	   Disk (KB)            :    27         125    472624 
	   Gpus (Average)       :     0           1         1 "GPU-b10e5e98-d533-35c0-c507-da5471772c00"
	   GpusMemory (MB)      :     4                       
	   Memory (MB)          :     0       18432     18432 
...
009 (68984.000.000) 2022-04-05 02:02:28 Job was aborted.
	via condor_rm (by user gb00538)
...
