000 (69080.000.000) 2022-04-05 19:28:39 Job submitted from host: <131.227.81.127:9618?addrs=131.227.81.127-9618&alias=aisurrey-condor.surrey.ac.uk&noUDP&sock=schedd_2654421_9965>
...
040 (69080.000.000) 2022-04-05 19:28:40 Finished transferring input files
...
001 (69080.000.000) 2022-04-05 19:28:41 Job executing on host: <131.227.80.158:9618?addrs=131.227.80.158-9618&alias=aisurrey13.surrey.ac.uk&noUDP&sock=startd_4211_f966>
...
006 (69080.000.000) 2022-04-05 19:28:50 Image size of job updated: 323364
	3  -  MemoryUsage of job (MB)
	2208  -  ResidentSetSize of job (KB)
...
006 (69080.000.000) 2022-04-05 19:33:50 Image size of job updated: 323364
	3  -  MemoryUsage of job (MB)
	2244  -  ResidentSetSize of job (KB)
...
006 (69080.000.000) 2022-04-05 19:38:50 Image size of job updated: 323364
	3  -  MemoryUsage of job (MB)
	2252  -  ResidentSetSize of job (KB)
...
006 (69080.000.000) 2022-04-05 19:43:51 Image size of job updated: 323364
	3  -  MemoryUsage of job (MB)
	2256  -  ResidentSetSize of job (KB)
...
007 (69080.000.000) 2022-04-05 21:32:20 Shadow exception!
	Error from slot1@aisurrey13.surrey.ac.uk: Docker job has gone over memory limit of 18432 Mb
	0  -  Run Bytes Sent By Job
	0  -  Run Bytes Received By Job
...
012 (69080.000.000) 2022-04-05 21:32:20 Job was held.
	Error from slot1@aisurrey13.surrey.ac.uk: Docker job has gone over memory limit of 18432 Mb
	Code 34 Subcode 0
...
009 (69080.000.000) 2022-04-05 21:32:58 Job was aborted.
	via condor_rm (by user gb00538)
...
