000 (69090.000.000) 2022-04-05 22:20:51 Job submitted from host: <131.227.81.127:9618?addrs=131.227.81.127-9618&alias=aisurrey-condor.surrey.ac.uk&noUDP&sock=schedd_2654421_9965>
...
040 (69090.000.000) 2022-04-06 00:25:28 Finished transferring input files
...
001 (69090.000.000) 2022-04-06 00:25:29 Job executing on host: <131.227.80.128:9618?addrs=131.227.80.128-9618&alias=aisurrey16.surrey.ac.uk&noUDP&sock=startd_4170_da04>
...
006 (69090.000.000) 2022-04-06 00:25:38 Image size of job updated: 324016
	3  -  MemoryUsage of job (MB)
	2844  -  ResidentSetSize of job (KB)
...
006 (69090.000.000) 2022-04-06 00:45:39 Image size of job updated: 324016
	3  -  MemoryUsage of job (MB)
	2880  -  ResidentSetSize of job (KB)
...
007 (69090.000.000) 2022-04-06 00:51:12 Shadow exception!
	Error from slot1@aisurrey16.surrey.ac.uk: Docker job has gone over memory limit of 18432 Mb
	0  -  Run Bytes Sent By Job
	0  -  Run Bytes Received By Job
...
012 (69090.000.000) 2022-04-06 00:51:12 Job was held.
	Error from slot1@aisurrey16.surrey.ac.uk: Docker job has gone over memory limit of 18432 Mb
	Code 34 Subcode 0
...
009 (69090.000.000) 2022-04-06 00:51:23 Job was aborted.
	via condor_rm (by user gb00538)
...
