000 (69447.000.000) 2022-04-08 02:13:39 Job submitted from host: <131.227.81.127:9618?addrs=131.227.81.127-9618&alias=aisurrey-condor.surrey.ac.uk&noUDP&sock=schedd_2654421_9965>
...
040 (69447.000.000) 2022-04-08 02:13:43 Finished transferring input files
...
001 (69447.000.000) 2022-04-08 02:13:44 Job executing on host: <131.227.80.176:9618?addrs=131.227.80.176-9618&alias=aisurrey03.surrey.ac.uk&noUDP&sock=startd_4113_c11e>
...
006 (69447.000.000) 2022-04-08 02:13:54 Image size of job updated: 324008
	3  -  MemoryUsage of job (MB)
	2772  -  ResidentSetSize of job (KB)
...
006 (69447.000.000) 2022-04-08 02:18:55 Image size of job updated: 324008
	3  -  MemoryUsage of job (MB)
	2808  -  ResidentSetSize of job (KB)
...
007 (69447.000.000) 2022-04-08 03:09:17 Shadow exception!
	Error from slot1@aisurrey03.surrey.ac.uk: Docker job has gone over memory limit of 18432 Mb
	0  -  Run Bytes Sent By Job
	0  -  Run Bytes Received By Job
...
009 (69447.000.000) 2022-04-08 03:09:17 Job was aborted.
	via condor_rm (by user gb00538)
...
