000 (69442.000.000) 2022-04-08 01:44:33 Job submitted from host: <131.227.81.127:9618?addrs=131.227.81.127-9618&alias=aisurrey-condor.surrey.ac.uk&noUDP&sock=schedd_2654421_9965>
...
040 (69442.000.000) 2022-04-08 01:44:34 Finished transferring input files
...
001 (69442.000.000) 2022-04-08 01:44:35 Job executing on host: <131.227.80.75:9618?addrs=131.227.80.75-9618&alias=nain.eps.surrey.ac.uk&noUDP&sock=startd_3739_38b2>
...
006 (69442.000.000) 2022-04-08 01:44:44 Image size of job updated: 323596
	3  -  MemoryUsage of job (MB)
	2428  -  ResidentSetSize of job (KB)
...
006 (69442.000.000) 2022-04-08 01:49:45 Image size of job updated: 323596
	3  -  MemoryUsage of job (MB)
	2460  -  ResidentSetSize of job (KB)
...
006 (69442.000.000) 2022-04-08 01:54:45 Image size of job updated: 323596
	3  -  MemoryUsage of job (MB)
	2468  -  ResidentSetSize of job (KB)
...
006 (69442.000.000) 2022-04-08 01:59:46 Image size of job updated: 323596
	3  -  MemoryUsage of job (MB)
	2472  -  ResidentSetSize of job (KB)
...
007 (69442.000.000) 2022-04-08 02:08:35 Shadow exception!
	Error from slot1@nain.eps.surrey.ac.uk: Docker job has gone over memory limit of 18432 Mb
	0  -  Run Bytes Sent By Job
	0  -  Run Bytes Received By Job
...
009 (69442.000.000) 2022-04-08 02:08:35 Job was aborted.
	via condor_rm (by user gb00538)
...
