000 (70737.000.000) 2022-04-20 20:59:16 Job submitted from host: <131.227.81.127:9618?addrs=131.227.81.127-9618&alias=aisurrey-condor.surrey.ac.uk&noUDP&sock=schedd_2654421_9965>
...
040 (70737.000.000) 2022-04-20 20:59:18 Finished transferring input files
...
001 (70737.000.000) 2022-04-20 20:59:19 Job executing on host: <131.227.80.134:9618?addrs=131.227.80.134-9618&alias=aisurrey19.surrey.ac.uk&noUDP&sock=startd_4112_1186>
...
006 (70737.000.000) 2022-04-20 20:59:28 Image size of job updated: 324016
	3  -  MemoryUsage of job (MB)
	2844  -  ResidentSetSize of job (KB)
...
006 (70737.000.000) 2022-04-20 20:59:39 Image size of job updated: 324016
	9  -  MemoryUsage of job (MB)
	9740  -  ResidentSetSize of job (KB)
...
040 (70737.000.000) 2022-04-20 20:59:39 Started transferring output files
...
040 (70737.000.000) 2022-04-20 20:59:39 Finished transferring output files
...
004 (70737.000.000) 2022-04-20 20:59:40 Job was evicted.
	(0) CPU times
		Usr 0 00:00:00, Sys 0 00:00:00  -  Run Remote Usage
		Usr 0 00:00:00, Sys 0 00:00:00  -  Run Local Usage
	0  -  Run Bytes Sent By Job
	0  -  Run Bytes Received By Job
	Partitionable Resources :    Usage  Request Allocated Assigned
	   Cpus                 :     0.05        1         1 
	   Disk (KB)            :    37         125    652975 
	   Gpus (Average)       :     0           1         1 "CUDA0"
	   GpusMemory (MB)      :     4                       
	   Memory (MB)          :     9       65536     65536 
...
009 (70737.000.000) 2022-04-20 20:59:40 Job was aborted.
	via condor_rm (by user gb00538)
...
