000 (71483.000.000) 2022-04-26 18:24:36 Job submitted from host: <131.227.81.127:9618?addrs=131.227.81.127-9618&alias=aisurrey-condor.surrey.ac.uk&noUDP&sock=schedd_2654421_9965>
...
040 (71483.000.000) 2022-04-26 18:24:38 Finished transferring input files
...
001 (71483.000.000) 2022-04-26 18:24:39 Job executing on host: <131.227.80.182:9618?addrs=131.227.80.182-9618&alias=aisurrey06.surrey.ac.uk&noUDP&sock=startd_4253_c860>
...
006 (71483.000.000) 2022-04-26 18:24:47 Image size of job updated: 324016
	3  -  MemoryUsage of job (MB)
	2848  -  ResidentSetSize of job (KB)
...
006 (71483.000.000) 2022-04-26 18:29:48 Image size of job updated: 324016
	3  -  MemoryUsage of job (MB)
	2868  -  ResidentSetSize of job (KB)
...
006 (71483.000.000) 2022-04-26 18:39:49 Image size of job updated: 324016
	3  -  MemoryUsage of job (MB)
	2884  -  ResidentSetSize of job (KB)
...
004 (71483.000.000) 2022-04-26 19:25:44 Job was evicted.
	(0) CPU times
		Usr 0 00:00:00, Sys 0 00:00:00  -  Run Remote Usage
		Usr 0 00:00:00, Sys 0 00:00:00  -  Run Local Usage
	0  -  Run Bytes Sent By Job
	0  -  Run Bytes Received By Job
	Partitionable Resources :    Usage  Request Allocated Assigned
	   Cpus                 :        0        1         1 
	   Disk (KB)            :       41      125    472216 
	   Gpus (Average)       :                 1         1 "GPU-7d5abf6b-6330-87d3-52f0-22cb37d419d5"
	   Memory (MB)          :        3    65536     65536 
...
009 (71483.000.000) 2022-04-26 19:25:45 Job was aborted.
...
