000 (77610.000.000) 03/27 23:35:50 Job submitted from host: <131.227.81.70:9618?addrs=131.227.81.70-9618&noUDP&sock=2902_1bed_3>
...
001 (77610.000.000) 03/27 23:36:07 Job executing on host: <131.227.70.156:9618?addrs=131.227.70.156-9618&noUDP&sock=3051_4f8a_3>
...
006 (77610.000.000) 03/27 23:36:16 Image size of job updated: 3232
	4  -  MemoryUsage of job (MB)
	3232  -  ResidentSetSize of job (KB)
...
005 (77610.000.000) 03/27 23:36:57 Job terminated.
	(1) Normal termination (return value 255)
		Usr 0 00:00:00, Sys 0 00:00:00  -  Run Remote Usage
		Usr 0 00:00:00, Sys 0 00:00:00  -  Run Local Usage
		Usr 0 00:00:00, Sys 0 00:00:00  -  Total Remote Usage
		Usr 0 00:00:00, Sys 0 00:00:00  -  Total Local Usage
	0  -  Run Bytes Sent By Job
	0  -  Run Bytes Received By Job
	0  -  Total Bytes Sent By Job
	0  -  Total Bytes Received By Job
	Partitionable Resources :    Usage  Request Allocated Assigned
	   Cpus                 :        0        1         1 
	   Disk (KB)            :       24      125     59615 
	   Gpus                 :                 1         1 "CUDA0"
	   Memory (MB)          :        4     8192      8192 
...
