000 (77613.000.000) 03/27 23:37:52 Job submitted from host: <131.227.81.70:9618?addrs=131.227.81.70-9618&noUDP&sock=2902_1bed_3>
...
001 (77613.000.000) 03/27 23:38:00 Job executing on host: <131.227.70.156:9618?addrs=131.227.70.156-9618&noUDP&sock=3051_4f8a_3>
...
006 (77613.000.000) 03/27 23:38:08 Image size of job updated: 3328
	4  -  MemoryUsage of job (MB)
	3328  -  ResidentSetSize of job (KB)
...
005 (77613.000.000) 03/27 23:40:22 Job terminated.
	(1) Normal termination (return value 0)
		Usr 0 00:00:03, Sys 0 00:00:00  -  Run Remote Usage
		Usr 0 00:00:00, Sys 0 00:00:00  -  Run Local Usage
		Usr 0 00:00:03, Sys 0 00:00:00  -  Total Remote Usage
		Usr 0 00:00:00, Sys 0 00:00:00  -  Total Local Usage
	0  -  Run Bytes Sent By Job
	0  -  Run Bytes Received By Job
	0  -  Total Bytes Sent By Job
	0  -  Total Bytes Received By Job
	Partitionable Resources :    Usage  Request Allocated Assigned
	   Cpus                 :        0        1         1 
	   Disk (KB)            :       25      125     59615 
	   Gpus                 :                 1         1 "CUDA0"
	   Memory (MB)          :        4     8192      8192 
...
